"../../../Engine/Content/Functions/Engine_MaterialFunctions02/Utility/MakeFloat2.uasset" 0
"../../../Engine/Content/Functions/Engine_MaterialFunctions02/Math/MultiplyAdd.uasset" 1
"../../../Engine/Content/Functions/Engine_MaterialFunctions01/WorldPositionOffset/SimpleGrassWind.uasset" 2
"../../../Engine/Content/Functions/Engine_MaterialFunctions01/SpeedTree/SpeedTreeColorVariation.uasset" 3
"../../../Engine/Content/EngineMaterials/DefaultWhiteGrid.uasset" 4
"../../../Engine/Content/EngineMaterials/DefaultNormal.uasset" 5
"../../../Engine/Content/EngineMaterials/DefaultDiffuse.uasset" 6
"../../../../../../Todo/Repositorios/TSDV/5to cuatrimestre/Unreal/UE-TPFinal/FruitSamurai/Content/MS_Fruits/MasterMaterials/Atlas_MasterMaterial.uasset" 7
"../../../Engine/Content/EngineMaterials/BlendFunc_DefBlend.uasset" 8
"../../../Engine/Content/EngineMaterials/BlendFunc_DefBase.uasset" 9
"../../../Engine/Content/Functions/Engine_MaterialFunctions03/Blends/Blend_Overlay.uasset" 10
"../../../../../../Todo/Repositorios/TSDV/5to cuatrimestre/Unreal/UE-TPFinal/FruitSamurai/Content/MS_Fruits/MasterMaterials/BrushDecal_MasterMaterial.uasset" 11
"../../../../../../Todo/Repositorios/TSDV/5to cuatrimestre/Unreal/UE-TPFinal/FruitSamurai/Content/MS_Fruits/MasterMaterials/ChannelPackingSample.uasset" 12
"../../../../../../Todo/Repositorios/TSDV/5to cuatrimestre/Unreal/UE-TPFinal/FruitSamurai/Content/MS_Fruits/MasterMaterials/Decal_MasterMaterial.uasset" 13
"../../../../../../Todo/Repositorios/TSDV/5to cuatrimestre/Unreal/UE-TPFinal/FruitSamurai/Content/MS_Fruits/MasterMaterials/Displacement_MasterMaterial.uasset" 14
"../../../../../../Todo/Repositorios/TSDV/5to cuatrimestre/Unreal/UE-TPFinal/FruitSamurai/Content/MS_Fruits/MasterMaterials/Foliage_MasterMaterial.uasset" 15
"../../../../../../Todo/Repositorios/TSDV/5to cuatrimestre/Unreal/UE-TPFinal/FruitSamurai/Content/MS_Fruits/MasterMaterials/Imperfection_MasterMaterial.uasset" 16
"../../../../../../Todo/Repositorios/TSDV/5to cuatrimestre/Unreal/UE-TPFinal/FruitSamurai/Content/MS_Fruits/MasterMaterials/noise_mask.uasset" 17
"../../../Engine/Content/Functions/Engine_MaterialFunctions02/Utility/VectorLength.uasset" 18
"../../../Engine/Content/Functions/Engine_MaterialFunctions01/Shading/FuzzyShading.uasset" 19
"../../../Engine/Content/Functions/Engine_MaterialFunctions01/AlphaBlend/WorldAlignedBlend.uasset" 20
"../../../../../../Todo/Repositorios/TSDV/5to cuatrimestre/Unreal/UE-TPFinal/FruitSamurai/Content/MS_Fruits/MasterMaterials/noise_normal.uasset" 21
"../../../../../../Todo/Repositorios/TSDV/5to cuatrimestre/Unreal/UE-TPFinal/FruitSamurai/Content/MS_Fruits/MasterMaterials/SurfaceBlend_MasterMaterial.uasset" 22
"../../../Engine/Content/EngineMaterials/T_Default_Material_Grid_N.uasset" 23
"../../../Engine/Content/EngineMaterials/T_Default_Material_Grid_M.uasset" 24
"../../../Engine/Content/Functions/Engine_MaterialFunctions01/Opacity/CameraDepthFade.uasset" 25
"../../../Engine/Content/EngineMaterials/WorldGridMaterial.uasset" 26
"../../../Engine/Content/ArtTools/RenderToTexture/Meshes/S_1_Unit_Plane.uasset" 27
"../../../Engine/Content/EngineMaterials/DefaultMaterial.uasset" 28
"../../../Engine/Content/BasicShapes/Cone.uasset" 29
"../../../Engine/Content/BasicShapes/Cube.uasset" 30
"../../../Engine/Content/BasicShapes/Plane.uasset" 31
"../../../Engine/Content/BasicShapes/Sphere.uasset" 32
"../../../Engine/Content/EditorLandscapeResources/DataLayer.uasset" 33
"../../../Engine/Content/EditorLandscapeResources/DefaultAlphaTexture.uasset" 34
"../../../Engine/Content/EditorMaterials/MAT_Groups_Toggle.uasset" 35
"../../../Engine/Content/EditorMaterials/MAT_Groups_Visibility.uasset" 36
"../../../Engine/Content/EditorMaterials/PreviewShadowIndicator.uasset" 37
"../../../Engine/Content/EditorMaterials/PreviewShadowIndicatorMaterial.uasset" 38
"../../../Engine/Content/EditorMaterials/MatineeGroups/MAT_ColorTrack.uasset" 39
"../../../Engine/Content/EditorMaterials/MatineeGroups/MAT_Groups_Anim.uasset" 40
"../../../Engine/Content/EditorMaterials/MatineeGroups/MAT_Groups_AudioMaster.uasset" 41
"../../../Engine/Content/EditorMaterials/MatineeGroups/MAT_Groups_Director.uasset" 42
"../../../Engine/Content/EditorMaterials/MatineeGroups/MAT_Groups_Event.uasset" 43
"../../../Engine/Content/EditorMaterials/MatineeGroups/MAT_Groups_Fade.uasset" 44
"../../../Engine/Content/EditorMaterials/MatineeGroups/MAT_Groups_Float.uasset" 45
"../../../Engine/Content/EditorMaterials/MatineeGroups/MAT_Groups_Move.uasset" 46
"../../../Engine/Content/EditorMaterials/MatineeGroups/MAT_Groups_Slomo.uasset" 47
"../../../Engine/Content/EditorMaterials/MatineeGroups/MAT_Groups_Sound.uasset" 48
"../../../Engine/Content/EditorMaterials/MatineeGroups/MAT_Groups_Vector.uasset" 49
"../../../Engine/Content/EditorMaterials/ParticleSystems/PSysThumbnail_NoImage.uasset" 50
"../../../Engine/Content/EditorMaterials/ParticleSystems/PSysThumbnail_OOD.uasset" 51
"../../../Engine/Content/EditorMaterials/Camera/CineMat.uasset" 52
"../../../Engine/Content/EditorMaterials/Camera/MI_CineMat_Rig.uasset" 53
"../../../Engine/Content/EditorMeshes/Camera/SM_CraneRig_Arm.uasset" 54
"../../../Engine/Content/EditorMeshes/Camera/SM_CraneRig_Base.uasset" 55
"../../../Engine/Content/EditorMeshes/Camera/SM_CraneRig_Body.uasset" 56
"../../../Engine/Content/EditorMeshes/Camera/SM_CraneRig_Mount.uasset" 57
"../../../Engine/Content/EditorMeshes/Camera/SM_RailRig_Mount.uasset" 58
"../../../Engine/Content/EditorMeshes/Camera/SM_RailRig_Track.uasset" 59
"../../../Engine/Content/EditorResources/BSPVertex.uasset" 60
"../../../Engine/Content/EditorResources/EmptyActor.uasset" 61
"../../../Engine/Content/EditorResources/S_Actor.uasset" 62
"../../../Engine/Content/EditorResources/S_Note.uasset" 63
"../../../Engine/Content/EditorResources/S_Solver.uasset" 64
"../../../Engine/Content/EditorResources/S_Terrain.uasset" 65
"../../../Engine/Content/EditorResources/S_Trigger.uasset" 66
"../../../Engine/Content/EditorResources/LightIcons/S_LightError.uasset" 67
"../../../Engine/Content/EditorResources/SequenceRecorder/Countdown.uasset" 68
"../../../Engine/Content/EditorResources/SequenceRecorder/RecordingIndicator.uasset" 69
"../../../Engine/Content/EngineDamageTypes/DmgTypeBP_Environmental.uasset" 70
"../../../Engine/Content/EngineDebugMaterials/DebugEditorMaterial.uasset" 71
"../../../Engine/Content/EngineDebugMaterials/DebugMeshMaterial.uasset" 72
"../../../Engine/Content/EngineDebugMaterials/M_SimpleUnlitTranslucent.uasset" 73
"../../../Engine/Content/EngineDebugMaterials/VolumeToRender.uasset" 74
"../../../Engine/Content/Functions/Engine_MaterialFunctions02/Utility/CameraDirectionVector.uasset" 75
"../../../Engine/Content/EngineDebugMaterials/M_VolumeRenderSphereTracePP.uasset" 76
"../../../Engine/Content/Functions/Engine_MaterialFunctions01/Shading/ConvertFromDiffSpec.uasset" 77
"../../../Engine/Content/EngineDebugMaterials/VertexColorMaterial.uasset" 78
"../../../Engine/Content/EngineDebugMaterials/WireframeMaterial.uasset" 79
"../../../Engine/Content/EngineFonts/Faces/RobotoRegular.uasset" 80
"../../../Engine/Content/EngineFonts/Faces/RobotoLight.uasset" 81
"../../../Engine/Content/EngineFonts/Faces/RobotoItalic.uasset" 82
"../../../Engine/Content/EngineFonts/Faces/RobotoBoldItalic.uasset" 83
"../../../Engine/Content/EngineFonts/Faces/RobotoBold.uasset" 84
"../../../Engine/Content/EngineFonts/Faces/DroidSansFallback.uasset" 85
"../../../Engine/Content/EngineFonts/Roboto.uasset" 86
"../../../Engine/Content/EngineMaterials/BaseFlattenNormalMap.uasset" 87
"../../../Engine/Content/EngineMaterials/BaseFlattenGrayscaleMap.uasset" 88
"../../../Engine/Content/EngineMaterials/BaseFlattenEmissiveMap.uasset" 89
"../../../Engine/Content/EngineMaterials/BaseFlattenDiffuseMap.uasset" 90
"../../../Engine/Content/EngineMaterials/BaseFlattenMaterial.uasset" 91
"../../../Engine/Content/EngineMaterials/BlueNoise.uasset" 92
"../../../Engine/Content/EngineMaterials/DefaultBloomKernel.uasset" 93
"../../../Engine/Content/EngineMaterials/DefaultBokeh.uasset" 94
"../../../Engine/Content/EngineMaterials/DefaultDeferredDecalMaterial.uasset" 95
"../../../Engine/Content/EngineMaterials/DefaultLightFunctionMaterial.uasset" 96
"../../../Engine/Content/EngineMaterials/DefaultPhysicalMaterial.uasset" 97
"../../../Engine/Content/Functions/Engine_MaterialFunctions02/Utility/BreakOutFloat2Components.uasset" 98
"../../../Engine/Content/EngineMaterials/DefaultPostProcessMaterial.uasset" 99
"../../../Engine/Content/EngineFonts/RobotoDistanceField.uasset" 100
"../../../Engine/Content/EngineMaterials/DefaultTextMaterialOpaque.uasset" 101
"../../../Engine/Content/EngineMaterials/DefaultWhiteGrid_Low.uasset" 102
"../../../Engine/Content/EngineMaterials/EmissiveMeshMaterial.uasset" 103
"../../../Engine/Content/EngineMaterials/GizmoMaterial.uasset" 104
"../../../Engine/Content/EngineMaterials/Good64x64TilingNoiseHighFreq.uasset" 105
"../../../Engine/Content/EngineMaterials/MiniFont.uasset" 106
"../../../Engine/Content/EngineMaterials/InvalidLightmapSettings.uasset" 107
"../../../Engine/Content/EngineMaterials/M_InvalidLightmapSettings.uasset" 108
"../../../Engine/Content/Functions/Engine_MaterialFunctions02/WorldPositionOffset/CameraOffset.uasset" 109
"../../../Engine/Content/EngineMaterials/PhAT_JointLimitMaterial.uasset" 110
"../../../Engine/Content/EngineMaterials/PreintegratedSkinBRDF.uasset" 111
"../../../Engine/Content/EngineMaterials/RemoveSurfaceMaterial.uasset" 112
"../../../Engine/Content/EngineMaterials/WeightMapPlaceholderTexture.uasset" 113
"../../../Engine/Content/EngineResources/WhiteSquareTexture.uasset" 114
"../../../Engine/Content/EngineMaterials/Widget3DPassThrough.uasset" 115
"../../../Engine/Content/EngineMaterials/Widget3DPassThrough_Masked.uasset" 116
"../../../Engine/Content/EngineMaterials/Widget3DPassThrough_Opaque.uasset" 117
"../../../Engine/Content/EngineMaterials/Widget3DPassThrough_Masked_OneSided.uasset" 118
"../../../Engine/Content/EngineMaterials/Widget3DPassThrough_Opaque_OneSided.uasset" 119
"../../../Engine/Content/EngineMaterials/Widget3DPassThrough_Translucent.uasset" 120
"../../../Engine/Content/EngineMaterials/Widget3DPassThrough_Translucent_OneSided.uasset" 121
"../../../Engine/Content/EngineMeshes/Cylinder.uasset" 122
"../../../Engine/Content/EngineMeshes/Sphere.uasset" 123
"../../../Engine/Content/EngineResources/Black.uasset" 124
"../../../Engine/Content/EngineResources/DefaultTextureCube.uasset" 125
"../../../Engine/Content/EngineResources/DefaultVolumeTexture2D.uasset" 126
"../../../Engine/Content/EngineResources/DefaultVolumeTexture.uasset" 127
"../../../Engine/Content/EngineResources/GradientTexture0.uasset" 128
"../../../Engine/Content/EngineSky/VolumetricClouds/T_NoiseShape64.uasset" 129
"../../../Engine/Content/EngineSky/VolumetricClouds/T_VolumeNoiseShape64.uasset" 130
"../../../Engine/Content/EngineSky/VolumetricClouds/T_NoiseErosion.uasset" 131
"../../../Engine/Content/EngineSky/VolumetricClouds/T_VolumeNoiseErosion32.uasset" 132
"../../../Engine/Content/EngineSky/VolumetricClouds/CloudWeatherTexture.uasset" 133
"../../../Engine/Content/EngineSky/VolumetricClouds/CloudGradientTexture.uasset" 134
"../../../Engine/Content/EngineSky/VolumetricClouds/m_SimpleVolumetricCloud.uasset" 135
"../../../Engine/Content/EngineSky/VolumetricClouds/m_SimpleVolumetricCloud_Inst.uasset" 136
"../../../Engine/Content/EngineSounds/Master.uasset" 137
"../../../Engine/Content/Functions/Engine_MaterialFunctions01/Shading/PowerToRoughness.uasset" 138
"../../../Engine/Content/Maps/Templates/Thumbnails/Default.uasset" 139
"../../../Engine/Content/Maps/Templates/Thumbnails/TimeOfDay.uasset" 140
"../../../Engine/Content/Maps/Templates/Thumbnails/VR-Basic.uasset" 141
"../../../Engine/Content/MobileResources/T_MobileControls_texture.uasset" 142
"../../../Engine/Content/MobileResources/T_MobileMenu2.uasset" 143
"../../../Engine/Content/MobileResources/HUD/AnalogHat.uasset" 144
"../../../Engine/Content/MobileResources/HUD/VirtualJoystick_Thumb.uasset" 145
"../../../Engine/Content/MobileResources/HUD/VirtualJoystick_Background.uasset" 146
"../../../Engine/Content/MobileResources/HUD/DefaultVirtualJoysticks.uasset" 147
"../../../Engine/Content/MobileResources/HUD/LeftVirtualJoystickOnly.uasset" 148
"../../../Engine/Content/MobileResources/HUD/MobileHUDButton1_off.uasset" 149
"../../../Engine/Content/MobileResources/HUD/MobileHUDButton1_on.uasset" 150
"../../../Engine/Content/MobileResources/HUD/MobileHUDButton2_off.uasset" 151
"../../../Engine/Content/MobileResources/HUD/MobileHUDButton2_on.uasset" 152
"../../../Engine/Content/MobileResources/HUD/MobileHUDButton3.uasset" 153
"../../../Engine/Content/MobileResources/HUD/MobileHUDButtonFire.uasset" 154
"../../../Engine/Content/MobileResources/HUD/MobileHUDDirectionPad.uasset" 155
"../../../Engine/Content/MobileResources/HUD/MobileHUDDirectionPad2.uasset" 156
"../../../Engine/Content/MobileResources/HUD/MobileHUDDirectionPad3.uasset" 157
"../../../Engine/Content/MobileResources/HUD/MobileHUDDirectionStick.uasset" 158
"../../../Engine/Content/MobileResources/HUD/T_Castle_ThumbstickInner.uasset" 159
"../../../Engine/Content/MobileResources/HUD/T_Castle_ThumbstickOutter.uasset" 160
"../../../Engine/Content/Tutorial/ContentIntroCurve.uasset" 161
"../../../Engine/Content/Tutorial/Basics/LevelEditorAttract.uasset" 162
"../../../Engine/Content/VREditor/TransformGizmo/TranslucentTransformGizmoMaterial.uasset" 163
"../../../Engine/Content/VREditor/LaserPointer/VR_LaserPower_01.uasset" 164
"../../../Engine/Content/VREditor/TransformGizmo/TransformGizmoMaterial.uasset" 165
"../../../Engine/Content/VREditor/TransformGizmo/BoundingBoxCorner.uasset" 166
"../../../Engine/Content/VREditor/TransformGizmo/BoundingBoxEdge.uasset" 167
"../../../Engine/Content/VREditor/TransformGizmo/PlaneTranslationHandle.uasset" 168
"../../../Engine/Content/VREditor/TransformGizmo/Xray.uasset" 169
"../../../Engine/Content/VREditor/TransformGizmo/Main.uasset" 170
"../../../Engine/Content/VREditor/TransformGizmo/SM_Sequencer_Key.uasset" 171
"../../../Engine/Content/VREditor/TransformGizmo/SM_Sequencer_Node.uasset" 172
"../../Plugins/2D/Paper2D/Content/PlaceholderTextures/DummySpriteTexture.uasset" 173
"../../Plugins/2D/Paper2D/Content/DummySprite.uasset" 174
"../../Plugins/2D/Paper2D/Content/DefaultPaperTerrainMaterial.uasset" 175
"../../Plugins/2D/Paper2D/Content/DefaultSpriteMaterial.uasset" 176
"../../Plugins/2D/Paper2D/Content/MaskedUnlitSpriteMaterial.uasset" 177
"../../Plugins/2D/Paper2D/Content/OpaqueUnlitSpriteMaterial.uasset" 178
"../../../Engine/Content/Functions/Engine_MaterialFunctions02/ObjectLocalBounds.uasset" 179
"../../../Engine/Content/Functions/Engine_MaterialFunctions02/Utility/BreakOutFloat3Components.uasset" 180
"../../Plugins/Editor/SpeedTreeImporter/Content/SpeedTree9/game_wind_noise.uasset" 181
"../../Plugins/Editor/SpeedTreeImporter/Content/SpeedTree9/UnpackInteger3.uasset" 182
"../../Plugins/Editor/SpeedTreeImporter/Content/SpeedTree9/UnpackDirection.uasset" 183
"../../../Engine/Content/Functions/Engine_MaterialFunctions02/SafeNormalize.uasset" 184
"../../Plugins/Editor/SpeedTreeImporter/Content/SpeedTree9/SpeedTreeWindMotion.uasset" 185
"../../Plugins/Editor/SpeedTreeImporter/Content/SpeedTree9/SpeedTreeBranchMotion.uasset" 186
"../../../Engine/Content/Functions/Engine_MaterialFunctions02/UVs/BoundingBoxBased_0-1_UVW.uasset" 187
"../../Plugins/Editor/SpeedTreeImporter/Content/SpeedTree9/SpeedTreeWind.uasset" 188
"../../Plugins/Editor/SpeedTreeImporter/Content/SpeedTree9/SpeedTreeBillboard.uasset" 189
"../../../Engine/Content/EngineResources/DefaultTexture.uasset" 190
"../../Plugins/Editor/SpeedTreeImporter/Content/SpeedTree9/SpeedTreeBillboardMaster.uasset" 191
"../../Plugins/Editor/SpeedTreeImporter/Content/SpeedTree9/SpeedTreeCameraFacing.uasset" 192
"../../Plugins/Editor/SpeedTreeImporter/Content/SpeedTree9/SpeedTreeMaster.uasset" 193
"../../../Engine/Content/BasicShapes/Cylinder.uasset" 194
"../../../Engine/Content/ArtTools/RenderToTexture/Materials/Debug/M_Emissive_Color.uasset" 195
"../../Plugins/Lumin/MagicLeapPassableWorld/Content/MagicLeapARPinInfoActor.uasset" 196
"../../../Engine/Content/Functions/Engine_MaterialFunctions02/Utility/BreakOutFloat4Components.uasset" 197
"../../../Engine/Content/Functions/Engine_MaterialFunctions02/Utility/MakeFloat3.uasset" 198
"../../Plugins/Runtime/Oculus/OculusVR/Content/Materials/OculusMR_ChromaKey.uasset" 199
"../../Plugins/Runtime/Oculus/OculusVR/Content/Materials/OculusMR_OpaqueColoredMaterial.uasset" 200
"../../Plugins/Runtime/Oculus/OculusVR/Content/Materials/PokeAHoleMaterial.uasset" 201
"../../../Engine/Content/EngineSky/T_Sky_Stars.uasset" 202
"../../../Engine/Content/EngineSky/T_Sky_Clouds_M.uasset" 203
"../../../Engine/Content/EngineSky/T_Sky_Blue.uasset" 204
"../../../Engine/Content/EngineSky/M_Sky_Panning_Clouds2.uasset" 205
"../../../Engine/Content/EditorBlueprintResources/StandardMacros.uasset" 206
"../../../Engine/Content/EngineSky/SM_SkySphere.uasset" 207
"../../../Engine/Content/EngineSky/C_Sky_Zenith_Color.uasset" 208
"../../../Engine/Content/EngineSky/C_Sky_Horizon_Color.uasset" 209
"../../../Engine/Content/EngineSky/C_Sky_Cloud_Color.uasset" 210
"../../../Engine/Content/EngineSky/BP_Sky_Sphere.uasset" 211
"../../../../../../Todo/Repositorios/TSDV/5to cuatrimestre/Unreal/UE-TPFinal/FruitSamurai/Content/FruitSamurai/Assets/Fonts/HongKong.uasset" 212
"../../../../../../Todo/Repositorios/TSDV/5to cuatrimestre/Unreal/UE-TPFinal/FruitSamurai/Content/FruitSamurai/Assets/Fonts/HongKong_Font.uasset" 213
"../../../../../../Todo/Repositorios/TSDV/5to cuatrimestre/Unreal/UE-TPFinal/FruitSamurai/Content/FruitSamurai/Assets/Fonts/Chrysanthi_Unicode.uasset" 214
"../../../../../../Todo/Repositorios/TSDV/5to cuatrimestre/Unreal/UE-TPFinal/FruitSamurai/Content/FruitSamurai/Assets/Fonts/Chrysanthi_Unicode_Font.uasset" 215
"../../../../../../Todo/Repositorios/TSDV/5to cuatrimestre/Unreal/UE-TPFinal/FruitSamurai/Content/FruitSamurai/UI/Gameplay/WBP_DefeatScreen.uasset" 216
"../../../../../../Todo/Repositorios/TSDV/5to cuatrimestre/Unreal/UE-TPFinal/FruitSamurai/Content/FruitSamurai/UI/Gameplay/WBP_HUD.uasset" 217
"../../../../../../Todo/Repositorios/TSDV/5to cuatrimestre/Unreal/UE-TPFinal/FruitSamurai/Content/MS_Fruits/3DAssets/Lemon/th5jddwva_8K_Roughness.uasset" 218
"../../../../../../Todo/Repositorios/TSDV/5to cuatrimestre/Unreal/UE-TPFinal/FruitSamurai/Content/MS_Fruits/3DAssets/Lemon/th5jddwva_8K_NormalLOD0.uasset" 219
"../../../../../../Todo/Repositorios/TSDV/5to cuatrimestre/Unreal/UE-TPFinal/FruitSamurai/Content/MS_Fruits/3DAssets/Lemon/th5jddwva_8K_Displacement.uasset" 220
"../../../../../../Todo/Repositorios/TSDV/5to cuatrimestre/Unreal/UE-TPFinal/FruitSamurai/Content/MS_Fruits/3DAssets/Lemon/th5jddwva_8K_Albedo.uasset" 221
"../../../../../../Todo/Repositorios/TSDV/5to cuatrimestre/Unreal/UE-TPFinal/FruitSamurai/Content/MS_Fruits/MasterMaterials/Standard_MasterMaterial.uasset" 222
"../../../../../../Todo/Repositorios/TSDV/5to cuatrimestre/Unreal/UE-TPFinal/FruitSamurai/Content/MS_Fruits/3DAssets/Lemon/24_Lemon_th5jddwva_8K_inst.uasset" 223
"../../../../../../Todo/Repositorios/TSDV/5to cuatrimestre/Unreal/UE-TPFinal/FruitSamurai/Content/FruitSamurai/Core/Gameplay/Fruits/BP_BaseFruit.uasset" 224
"../../../../../../Todo/Repositorios/TSDV/5to cuatrimestre/Unreal/UE-TPFinal/FruitSamurai/Content/FruitSamurai/Core/Gameplay/Controllers/BP_PlayerController.uasset" 225
"../../../../../../Todo/Repositorios/TSDV/5to cuatrimestre/Unreal/UE-TPFinal/FruitSamurai/Content/FruitSamurai/UI/Gameplay/BP_HUD.uasset" 226
"../../../../../../Todo/Repositorios/TSDV/5to cuatrimestre/Unreal/UE-TPFinal/FruitSamurai/Content/MS_Fruits/3DAssets/Watermelon/tguocjppa_8K_Roughness.uasset" 227
"../../../../../../Todo/Repositorios/TSDV/5to cuatrimestre/Unreal/UE-TPFinal/FruitSamurai/Content/MS_Fruits/3DAssets/Watermelon/tguocjppa_8K_NormalLOD0.uasset" 228
"../../../../../../Todo/Repositorios/TSDV/5to cuatrimestre/Unreal/UE-TPFinal/FruitSamurai/Content/MS_Fruits/3DAssets/Watermelon/tguocjppa_8K_Displacement.uasset" 229
"../../../../../../Todo/Repositorios/TSDV/5to cuatrimestre/Unreal/UE-TPFinal/FruitSamurai/Content/MS_Fruits/3DAssets/Watermelon/tguocjppa_8K_Albedo.uasset" 230
"../../../../../../Todo/Repositorios/TSDV/5to cuatrimestre/Unreal/UE-TPFinal/FruitSamurai/Content/MS_Fruits/3DAssets/Watermelon/14_Watermelon_tguocjppa_8K_inst.uasset" 231
"../../../../../../Todo/Repositorios/TSDV/5to cuatrimestre/Unreal/UE-TPFinal/FruitSamurai/Content/MS_Fruits/3DAssets/Watermelon/Watermelon.uasset" 232
"../../../../../../Todo/Repositorios/TSDV/5to cuatrimestre/Unreal/UE-TPFinal/FruitSamurai/Content/FruitSamurai/Core/Gameplay/Fruits/BP_Watermelon.uasset" 233
"../../../../../../Todo/Repositorios/TSDV/5to cuatrimestre/Unreal/UE-TPFinal/FruitSamurai/Content/MS_Fruits/3DAssets/Pear/teeceidla_8K_Roughness.uasset" 234
"../../../../../../Todo/Repositorios/TSDV/5to cuatrimestre/Unreal/UE-TPFinal/FruitSamurai/Content/MS_Fruits/3DAssets/Pear/teeceidla_8K_NormalLOD0.uasset" 235
"../../../../../../Todo/Repositorios/TSDV/5to cuatrimestre/Unreal/UE-TPFinal/FruitSamurai/Content/MS_Fruits/3DAssets/Pear/teeceidla_8K_Displacement.uasset" 236
"../../../../../../Todo/Repositorios/TSDV/5to cuatrimestre/Unreal/UE-TPFinal/FruitSamurai/Content/MS_Fruits/3DAssets/Pear/teeceidla_8K_Albedo.uasset" 237
"../../../../../../Todo/Repositorios/TSDV/5to cuatrimestre/Unreal/UE-TPFinal/FruitSamurai/Content/MS_Fruits/3DAssets/Pear/08_Green_Pear_teeceidla_8K_inst.uasset" 238
"../../../../../../Todo/Repositorios/TSDV/5to cuatrimestre/Unreal/UE-TPFinal/FruitSamurai/Content/MS_Fruits/3DAssets/Pear/Pear.uasset" 239
"../../../../../../Todo/Repositorios/TSDV/5to cuatrimestre/Unreal/UE-TPFinal/FruitSamurai/Content/FruitSamurai/Core/Gameplay/Fruits/BP_Pear.uasset" 240
"../../../../../../Todo/Repositorios/TSDV/5to cuatrimestre/Unreal/UE-TPFinal/FruitSamurai/Content/MS_Fruits/3DAssets/Orange/tibhfezva_8K_Roughness.uasset" 241
"../../../../../../Todo/Repositorios/TSDV/5to cuatrimestre/Unreal/UE-TPFinal/FruitSamurai/Content/MS_Fruits/3DAssets/Orange/tibhfezva_8K_NormalLOD0.uasset" 242
"../../../../../../Todo/Repositorios/TSDV/5to cuatrimestre/Unreal/UE-TPFinal/FruitSamurai/Content/MS_Fruits/3DAssets/Orange/tibhfezva_8K_Displacement.uasset" 243
"../../../../../../Todo/Repositorios/TSDV/5to cuatrimestre/Unreal/UE-TPFinal/FruitSamurai/Content/MS_Fruits/3DAssets/Orange/tibhfezva_8K_Albedo.uasset" 244
"../../../../../../Todo/Repositorios/TSDV/5to cuatrimestre/Unreal/UE-TPFinal/FruitSamurai/Content/MS_Fruits/3DAssets/Orange/15_Orange_tibhfezva_8K_inst.uasset" 245
"../../../../../../Todo/Repositorios/TSDV/5to cuatrimestre/Unreal/UE-TPFinal/FruitSamurai/Content/MS_Fruits/3DAssets/Orange/Orange.uasset" 246
"../../../../../../Todo/Repositorios/TSDV/5to cuatrimestre/Unreal/UE-TPFinal/FruitSamurai/Content/FruitSamurai/Core/Gameplay/Fruits/BP_Orange.uasset" 247
"../../../../../../Todo/Repositorios/TSDV/5to cuatrimestre/Unreal/UE-TPFinal/FruitSamurai/Content/MS_Fruits/3DAssets/Mango/td3kfjala_8K_Roughness.uasset" 248
"../../../../../../Todo/Repositorios/TSDV/5to cuatrimestre/Unreal/UE-TPFinal/FruitSamurai/Content/MS_Fruits/3DAssets/Mango/td3kfjala_8K_NormalLOD0.uasset" 249
"../../../../../../Todo/Repositorios/TSDV/5to cuatrimestre/Unreal/UE-TPFinal/FruitSamurai/Content/MS_Fruits/3DAssets/Mango/td3kfjala_8K_Displacement.uasset" 250
"../../../../../../Todo/Repositorios/TSDV/5to cuatrimestre/Unreal/UE-TPFinal/FruitSamurai/Content/MS_Fruits/3DAssets/Mango/td3kfjala_8K_Albedo.uasset" 251
"../../../../../../Todo/Repositorios/TSDV/5to cuatrimestre/Unreal/UE-TPFinal/FruitSamurai/Content/MS_Fruits/3DAssets/Mango/01_Mango_td3kfjala_8K_inst.uasset" 252
"../../../../../../Todo/Repositorios/TSDV/5to cuatrimestre/Unreal/UE-TPFinal/FruitSamurai/Content/MS_Fruits/3DAssets/Mango/Mango.uasset" 253
"../../../../../../Todo/Repositorios/TSDV/5to cuatrimestre/Unreal/UE-TPFinal/FruitSamurai/Content/FruitSamurai/Core/Gameplay/Fruits/BP_Mango.uasset" 254
"../../../../../../Todo/Repositorios/TSDV/5to cuatrimestre/Unreal/UE-TPFinal/FruitSamurai/Content/MS_Fruits/3DAssets/Lemon/Lemon.uasset" 255
"../../../../../../Todo/Repositorios/TSDV/5to cuatrimestre/Unreal/UE-TPFinal/FruitSamurai/Content/FruitSamurai/Core/Gameplay/Fruits/BP_Lemon.uasset" 256
"../../../../../../Todo/Repositorios/TSDV/5to cuatrimestre/Unreal/UE-TPFinal/FruitSamurai/Content/MS_Fruits/3DAssets/GreenApple/tefadiqla_8K_Roughness.uasset" 257
"../../../../../../Todo/Repositorios/TSDV/5to cuatrimestre/Unreal/UE-TPFinal/FruitSamurai/Content/MS_Fruits/3DAssets/GreenApple/tefadiqla_8K_NormalLOD0.uasset" 258
"../../../../../../Todo/Repositorios/TSDV/5to cuatrimestre/Unreal/UE-TPFinal/FruitSamurai/Content/MS_Fruits/3DAssets/GreenApple/tefadiqla_8K_Displacement.uasset" 259
"../../../../../../Todo/Repositorios/TSDV/5to cuatrimestre/Unreal/UE-TPFinal/FruitSamurai/Content/MS_Fruits/3DAssets/GreenApple/tefadiqla_8K_Albedo.uasset" 260
"../../../../../../Todo/Repositorios/TSDV/5to cuatrimestre/Unreal/UE-TPFinal/FruitSamurai/Content/MS_Fruits/3DAssets/GreenApple/010_Green_Apple_tefadiqla_8K_inst.uasset" 261
"../../../../../../Todo/Repositorios/TSDV/5to cuatrimestre/Unreal/UE-TPFinal/FruitSamurai/Content/MS_Fruits/3DAssets/GreenApple/GreenApple.uasset" 262
"../../../../../../Todo/Repositorios/TSDV/5to cuatrimestre/Unreal/UE-TPFinal/FruitSamurai/Content/FruitSamurai/Core/Gameplay/Fruits/BP_GreenApple.uasset" 263
"../../../../../../Todo/Repositorios/TSDV/5to cuatrimestre/Unreal/UE-TPFinal/FruitSamurai/Content/MS_Fruits/3DAssets/Coconut/tg3mfgrpa_8K_Roughness.uasset" 264
"../../../../../../Todo/Repositorios/TSDV/5to cuatrimestre/Unreal/UE-TPFinal/FruitSamurai/Content/MS_Fruits/3DAssets/Coconut/tg3mfgrpa_8K_NormalLOD0.uasset" 265
"../../../../../../Todo/Repositorios/TSDV/5to cuatrimestre/Unreal/UE-TPFinal/FruitSamurai/Content/MS_Fruits/3DAssets/Coconut/tg3mfgrpa_8K_Displacement.uasset" 266
"../../../../../../Todo/Repositorios/TSDV/5to cuatrimestre/Unreal/UE-TPFinal/FruitSamurai/Content/MS_Fruits/3DAssets/Coconut/tg3mfgrpa_8K_Albedo.uasset" 267
"../../../../../../Todo/Repositorios/TSDV/5to cuatrimestre/Unreal/UE-TPFinal/FruitSamurai/Content/MS_Fruits/3DAssets/Coconut/16_Coconut_tg3mfgrpa_8K_inst.uasset" 268
"../../../../../../Todo/Repositorios/TSDV/5to cuatrimestre/Unreal/UE-TPFinal/FruitSamurai/Content/MS_Fruits/3DAssets/Coconut/Coconut.uasset" 269
"../../../../../../Todo/Repositorios/TSDV/5to cuatrimestre/Unreal/UE-TPFinal/FruitSamurai/Content/FruitSamurai/Core/Gameplay/Fruits/BP_Coconut.uasset" 270
"../../../../../../Todo/Repositorios/TSDV/5to cuatrimestre/Unreal/UE-TPFinal/FruitSamurai/Content/MS_Fruits/3DAssets/Avocado/thbkag0pa_8K_Roughness.uasset" 271
"../../../../../../Todo/Repositorios/TSDV/5to cuatrimestre/Unreal/UE-TPFinal/FruitSamurai/Content/MS_Fruits/3DAssets/Avocado/thbkag0pa_8K_NormalLOD0.uasset" 272
"../../../../../../Todo/Repositorios/TSDV/5to cuatrimestre/Unreal/UE-TPFinal/FruitSamurai/Content/MS_Fruits/3DAssets/Avocado/thbkag0pa_8K_Displacement.uasset" 273
"../../../../../../Todo/Repositorios/TSDV/5to cuatrimestre/Unreal/UE-TPFinal/FruitSamurai/Content/MS_Fruits/3DAssets/Avocado/thbkag0pa_8K_Albedo.uasset" 274
"../../../../../../Todo/Repositorios/TSDV/5to cuatrimestre/Unreal/UE-TPFinal/FruitSamurai/Content/MS_Fruits/3DAssets/Avocado/06_Avocado_thbkag0pa_8K_inst.uasset" 275
"../../../../../../Todo/Repositorios/TSDV/5to cuatrimestre/Unreal/UE-TPFinal/FruitSamurai/Content/MS_Fruits/3DAssets/Avocado/Avocado.uasset" 276
"../../../../../../Todo/Repositorios/TSDV/5to cuatrimestre/Unreal/UE-TPFinal/FruitSamurai/Content/FruitSamurai/Core/Gameplay/Fruits/BP_Avocado.uasset" 277
"../../../../../../Todo/Repositorios/TSDV/5to cuatrimestre/Unreal/UE-TPFinal/FruitSamurai/Content/MS_Fruits/3DAssets/RedApple/tgzoahbpa_8K_Roughness.uasset" 278
"../../../../../../Todo/Repositorios/TSDV/5to cuatrimestre/Unreal/UE-TPFinal/FruitSamurai/Content/MS_Fruits/3DAssets/RedApple/tgzoahbpa_8K_NormalLOD0.uasset" 279
"../../../../../../Todo/Repositorios/TSDV/5to cuatrimestre/Unreal/UE-TPFinal/FruitSamurai/Content/MS_Fruits/3DAssets/RedApple/tgzoahbpa_8K_Displacement.uasset" 280
"../../../../../../Todo/Repositorios/TSDV/5to cuatrimestre/Unreal/UE-TPFinal/FruitSamurai/Content/MS_Fruits/3DAssets/RedApple/tgzoahbpa_8K_Albedo.uasset" 281
"../../../../../../Todo/Repositorios/TSDV/5to cuatrimestre/Unreal/UE-TPFinal/FruitSamurai/Content/MS_Fruits/3DAssets/RedApple/22_Red_Apple_tgzoahbpa_8K_inst.uasset" 282
"../../../../../../Todo/Repositorios/TSDV/5to cuatrimestre/Unreal/UE-TPFinal/FruitSamurai/Content/MS_Fruits/3DAssets/RedApple/RedApple.uasset" 283
"../../../../../../Todo/Repositorios/TSDV/5to cuatrimestre/Unreal/UE-TPFinal/FruitSamurai/Content/FruitSamurai/Core/Gameplay/Fruits/BP_Apple.uasset" 284
"../../../../../../Todo/Repositorios/TSDV/5to cuatrimestre/Unreal/UE-TPFinal/FruitSamurai/Content/FruitSamurai/Core/Gameplay/Spawners/BP_FruitSpawner.uasset" 285
"../../../../../../Todo/Repositorios/TSDV/5to cuatrimestre/Unreal/UE-TPFinal/FruitSamurai/Content/FruitSamurai/Core/Gameplay/Cameras/BP_PlayerCamera.uasset" 286
"../../../../../../Todo/Repositorios/TSDV/5to cuatrimestre/Unreal/UE-TPFinal/FruitSamurai/Content/FruitSamurai/Core/GameModes/GM_Gameplay.uasset" 287
"../../../../../../Todo/Repositorios/TSDV/5to cuatrimestre/Unreal/UE-TPFinal/FruitSamurai/Content/FruitSamurai/Maps/Gameplay.umap" 288
"../../../../../../Todo/Repositorios/TSDV/5to cuatrimestre/Unreal/UE-TPFinal/FruitSamurai/Content/FruitSamurai/Assets/Images/Background.uasset" 289
"../../../../../../Todo/Repositorios/TSDV/5to cuatrimestre/Unreal/UE-TPFinal/FruitSamurai/Content/FruitSamurai/UI/MainMenu/WBP_MainMenu.uasset" 290
"../../../../../../Todo/Repositorios/TSDV/5to cuatrimestre/Unreal/UE-TPFinal/FruitSamurai/Content/FruitSamurai/Core/GameModes/GM_MainMenu.uasset" 291
"../../../../../../Todo/Repositorios/TSDV/5to cuatrimestre/Unreal/UE-TPFinal/FruitSamurai/Content/FruitSamurai/Maps/MainMenu.umap" 292
